<?xml version="1.0" encoding="UTF-8"?>
<coverage generated="1734604732844" clover="3.2.0">
  <project timestamp="1734604732844" name="All files">
    <metrics statements="12" coveredstatements="10" conditionals="3" coveredconditionals="2" methods="2" coveredmethods="2" elements="17" coveredelements="14" complexity="0" loc="12" ncloc="12" packages="1" files="1" classes="1"/>
    <file name="hello.js" path="/home/maya/Ada/Training/06_code_quality/branch_2_TDD/example/hello.js">
      <metrics statements="12" coveredstatements="10" conditionals="3" coveredconditionals="2" methods="2" coveredmethods="2"/>
      <line num="1" count="1" type="cond" truecount="1" falsecount="0"/>
      <line num="2" count="1" type="stmt"/>
      <line num="3" count="1" type="stmt"/>
      <line num="4" count="1" type="stmt"/>
      <line num="5" count="1" type="cond" truecount="1" falsecount="0"/>
      <line num="6" count="1" type="cond" truecount="0" falsecount="1"/>
      <line num="7" count="0" type="stmt"/>
      <line num="8" count="0" type="stmt"/>
      <line num="9" count="1" type="stmt"/>
      <line num="10" count="1" type="stmt"/>
      <line num="11" count="1" type="stmt"/>
      <line num="12" count="1" type="stmt"/>
    </file>
  </project>
</coverage>
